Dec 22 2018 09:18:29
{"Number":2,"Message":"fopen(\/Applications\/MAMP\/htdocs\/pit\/wp-content\/themes\/phillip\/.git\/objects\/d4\/c7d4a8563209b0fd425999ff91e57754980126): failed to open stream: Permission denied","File":"\/Applications\/MAMP\/htdocs\/pit\/wp-content\/plugins\/all-in-one-wp-migration\/lib\/vendor\/servmask\/archiver\/class-ai1wm-extractor.php","Line":422}

Dec 22 2018 09:18:29
{"Number":2,"Message":"fopen(\/Applications\/MAMP\/htdocs\/pit\/wp-content\/themes\/phillip\/.git\/objects\/7c\/b7ecad948c2c910ece0cd205a6fa9abc98cf27): failed to open stream: Permission denied","File":"\/Applications\/MAMP\/htdocs\/pit\/wp-content\/plugins\/all-in-one-wp-migration\/lib\/vendor\/servmask\/archiver\/class-ai1wm-extractor.php","Line":422}

Dec 22 2018 09:18:29
{"Number":2,"Message":"fopen(\/Applications\/MAMP\/htdocs\/pit\/wp-content\/themes\/phillip\/.git\/objects\/11\/721379d883c40b6c48a73ab5dd53b387b873ab): failed to open stream: Permission denied","File":"\/Applications\/MAMP\/htdocs\/pit\/wp-content\/plugins\/all-in-one-wp-migration\/lib\/vendor\/servmask\/archiver\/class-ai1wm-extractor.php","Line":422}

Dec 22 2018 09:18:29
{"Number":2,"Message":"fopen(\/Applications\/MAMP\/htdocs\/pit\/wp-content\/themes\/phillip\/.git\/objects\/c2\/99bfe8c652baa5fbbc97994ac78250755f10cc): failed to open stream: Permission denied","File":"\/Applications\/MAMP\/htdocs\/pit\/wp-content\/plugins\/all-in-one-wp-migration\/lib\/vendor\/servmask\/archiver\/class-ai1wm-extractor.php","Line":422}

Dec 22 2018 09:18:29
{"Number":2,"Message":"fopen(\/Applications\/MAMP\/htdocs\/pit\/wp-content\/themes\/phillip\/.git\/objects\/6a\/fd84110028a55f4a8e3f40dedbc5643471fbd5): failed to open stream: Permission denied","File":"\/Applications\/MAMP\/htdocs\/pit\/wp-content\/plugins\/all-in-one-wp-migration\/lib\/vendor\/servmask\/archiver\/class-ai1wm-extractor.php","Line":422}

Dec 22 2018 09:18:29
{"Number":2,"Message":"fopen(\/Applications\/MAMP\/htdocs\/pit\/wp-content\/themes\/phillip\/.git\/objects\/22\/2f8cf9a64dd41e3577338273a2102da17d5137): failed to open stream: Permission denied","File":"\/Applications\/MAMP\/htdocs\/pit\/wp-content\/plugins\/all-in-one-wp-migration\/lib\/vendor\/servmask\/archiver\/class-ai1wm-extractor.php","Line":422}

Dec 22 2018 09:18:29
{"Number":2,"Message":"fopen(\/Applications\/MAMP\/htdocs\/pit\/wp-content\/themes\/phillip\/.git\/objects\/9f\/2f8d1adab6cadb22326679b8fae9b56d561b41): failed to open stream: Permission denied","File":"\/Applications\/MAMP\/htdocs\/pit\/wp-content\/plugins\/all-in-one-wp-migration\/lib\/vendor\/servmask\/archiver\/class-ai1wm-extractor.php","Line":422}

Dec 22 2018 09:18:29
{"Number":2,"Message":"fopen(\/Applications\/MAMP\/htdocs\/pit\/wp-content\/themes\/phillip\/.git\/objects\/2e\/774b25f88ef6fce22108bd23df6639e3a9af4e): failed to open stream: Permission denied","File":"\/Applications\/MAMP\/htdocs\/pit\/wp-content\/plugins\/all-in-one-wp-migration\/lib\/vendor\/servmask\/archiver\/class-ai1wm-extractor.php","Line":422}

Dec 22 2018 09:18:29
{"Number":2,"Message":"fopen(\/Applications\/MAMP\/htdocs\/pit\/wp-content\/themes\/phillip\/.git\/objects\/da\/c9f44803242d7dcb93c745a3a0d594e0e52e36): failed to open stream: Permission denied","File":"\/Applications\/MAMP\/htdocs\/pit\/wp-content\/plugins\/all-in-one-wp-migration\/lib\/vendor\/servmask\/archiver\/class-ai1wm-extractor.php","Line":422}

Dec 22 2018 09:18:29
{"Number":2,"Message":"fopen(\/Applications\/MAMP\/htdocs\/pit\/wp-content\/themes\/phillip\/.git\/objects\/cc\/54f9519bb856aeafc2fc5fbe9f514c7786f97d): failed to open stream: Permission denied","File":"\/Applications\/MAMP\/htdocs\/pit\/wp-content\/plugins\/all-in-one-wp-migration\/lib\/vendor\/servmask\/archiver\/class-ai1wm-extractor.php","Line":422}

Dec 22 2018 09:18:29
{"Number":2,"Message":"fopen(\/Applications\/MAMP\/htdocs\/pit\/wp-content\/themes\/phillip\/.git\/objects\/cc\/dc4d8ef1e14694190b8822e4c0f4dcf3feac35): failed to open stream: Permission denied","File":"\/Applications\/MAMP\/htdocs\/pit\/wp-content\/plugins\/all-in-one-wp-migration\/lib\/vendor\/servmask\/archiver\/class-ai1wm-extractor.php","Line":422}

Dec 22 2018 09:18:29
{"Number":2,"Message":"fopen(\/Applications\/MAMP\/htdocs\/pit\/wp-content\/themes\/phillip\/.git\/objects\/02\/fe27f10c000aaf4d9ff1112f6b93305c4e1ff7): failed to open stream: Permission denied","File":"\/Applications\/MAMP\/htdocs\/pit\/wp-content\/plugins\/all-in-one-wp-migration\/lib\/vendor\/servmask\/archiver\/class-ai1wm-extractor.php","Line":422}

Dec 22 2018 09:18:29
{"Number":2,"Message":"fopen(\/Applications\/MAMP\/htdocs\/pit\/wp-content\/themes\/phillip\/.git\/objects\/14\/6d2d4826a031df3acdc072ae583e2f6a0512d6): failed to open stream: Permission denied","File":"\/Applications\/MAMP\/htdocs\/pit\/wp-content\/plugins\/all-in-one-wp-migration\/lib\/vendor\/servmask\/archiver\/class-ai1wm-extractor.php","Line":422}

Dec 22 2018 09:18:29
{"Number":2,"Message":"fopen(\/Applications\/MAMP\/htdocs\/pit\/wp-content\/themes\/phillip\/.git\/objects\/5b\/ddc87ca3f27b55706acd9e8d8b4a51cce84ec7): failed to open stream: Permission denied","File":"\/Applications\/MAMP\/htdocs\/pit\/wp-content\/plugins\/all-in-one-wp-migration\/lib\/vendor\/servmask\/archiver\/class-ai1wm-extractor.php","Line":422}

Dec 22 2018 09:18:29
{"Number":2,"Message":"fopen(\/Applications\/MAMP\/htdocs\/pit\/wp-content\/themes\/phillip\/.git\/objects\/5b\/d633f0be719b986e1f56e271d864c4863cd3e7): failed to open stream: Permission denied","File":"\/Applications\/MAMP\/htdocs\/pit\/wp-content\/plugins\/all-in-one-wp-migration\/lib\/vendor\/servmask\/archiver\/class-ai1wm-extractor.php","Line":422}

Dec 22 2018 09:18:29
{"Number":2,"Message":"fopen(\/Applications\/MAMP\/htdocs\/pit\/wp-content\/themes\/phillip\/.git\/objects\/16\/cfff044ec14c5e2bd3b576ab37476465de7f0b): failed to open stream: Permission denied","File":"\/Applications\/MAMP\/htdocs\/pit\/wp-content\/plugins\/all-in-one-wp-migration\/lib\/vendor\/servmask\/archiver\/class-ai1wm-extractor.php","Line":422}

Dec 22 2018 09:18:29
{"Number":2,"Message":"fopen(\/Applications\/MAMP\/htdocs\/pit\/wp-content\/themes\/phillip\/.git\/objects\/47\/5a53e7bf46903ef866326edb0995a2671ad739): failed to open stream: Permission denied","File":"\/Applications\/MAMP\/htdocs\/pit\/wp-content\/plugins\/all-in-one-wp-migration\/lib\/vendor\/servmask\/archiver\/class-ai1wm-extractor.php","Line":422}

Dec 22 2018 09:18:29
{"Number":2,"Message":"fopen(\/Applications\/MAMP\/htdocs\/pit\/wp-content\/themes\/phillip\/.git\/objects\/47\/f06a2bcf46fe5e84016ac9e24ca470aed508c0): failed to open stream: Permission denied","File":"\/Applications\/MAMP\/htdocs\/pit\/wp-content\/plugins\/all-in-one-wp-migration\/lib\/vendor\/servmask\/archiver\/class-ai1wm-extractor.php","Line":422}

Dec 22 2018 09:18:29
{"Number":2,"Message":"fopen(\/Applications\/MAMP\/htdocs\/pit\/wp-content\/themes\/phillip\/.git\/objects\/2f\/688149b1681eb733e260bcf14c30ead1baf2f0): failed to open stream: Permission denied","File":"\/Applications\/MAMP\/htdocs\/pit\/wp-content\/plugins\/all-in-one-wp-migration\/lib\/vendor\/servmask\/archiver\/class-ai1wm-extractor.php","Line":422}

Dec 22 2018 09:18:29
{"Number":2,"Message":"fopen(\/Applications\/MAMP\/htdocs\/pit\/wp-content\/themes\/phillip\/.git\/objects\/64\/a428399486b3909ed92e078a80faee51352b14): failed to open stream: Permission denied","File":"\/Applications\/MAMP\/htdocs\/pit\/wp-content\/plugins\/all-in-one-wp-migration\/lib\/vendor\/servmask\/archiver\/class-ai1wm-extractor.php","Line":422}

Dec 22 2018 09:18:29
{"Number":2,"Message":"fopen(\/Applications\/MAMP\/htdocs\/pit\/wp-content\/themes\/phillip\/.git\/objects\/64\/34f5d609eca3249bab7efa3c93f7b5aed08eb7): failed to open stream: Permission denied","File":"\/Applications\/MAMP\/htdocs\/pit\/wp-content\/plugins\/all-in-one-wp-migration\/lib\/vendor\/servmask\/archiver\/class-ai1wm-extractor.php","Line":422}

Dec 22 2018 09:18:29
{"Number":2,"Message":"fopen(\/Applications\/MAMP\/htdocs\/pit\/wp-content\/themes\/phillip\/.git\/objects\/ad\/3eed584b960b7d57472a0863f4b8230cd42c20): failed to open stream: Permission denied","File":"\/Applications\/MAMP\/htdocs\/pit\/wp-content\/plugins\/all-in-one-wp-migration\/lib\/vendor\/servmask\/archiver\/class-ai1wm-extractor.php","Line":422}

Dec 22 2018 09:18:29
{"Number":2,"Message":"fopen(\/Applications\/MAMP\/htdocs\/pit\/wp-content\/themes\/phillip\/.git\/objects\/c5\/ad67a1af5fd0a95091757ecd9c93e2e3151dae): failed to open stream: Permission denied","File":"\/Applications\/MAMP\/htdocs\/pit\/wp-content\/plugins\/all-in-one-wp-migration\/lib\/vendor\/servmask\/archiver\/class-ai1wm-extractor.php","Line":422}

Dec 22 2018 09:18:29
{"Number":2,"Message":"fopen(\/Applications\/MAMP\/htdocs\/pit\/wp-content\/themes\/phillip\/.git\/objects\/d5\/67aeae46a471fae95209484570043d9e8571ea): failed to open stream: Permission denied","File":"\/Applications\/MAMP\/htdocs\/pit\/wp-content\/plugins\/all-in-one-wp-migration\/lib\/vendor\/servmask\/archiver\/class-ai1wm-extractor.php","Line":422}

Dec 22 2018 09:18:29
{"Number":2,"Message":"fopen(\/Applications\/MAMP\/htdocs\/pit\/wp-content\/themes\/phillip\/.git\/objects\/d5\/659e02d174d45315470014e966d243f5e9bd12): failed to open stream: Permission denied","File":"\/Applications\/MAMP\/htdocs\/pit\/wp-content\/plugins\/all-in-one-wp-migration\/lib\/vendor\/servmask\/archiver\/class-ai1wm-extractor.php","Line":422}

Dec 22 2018 09:18:29
{"Number":2,"Message":"fopen(\/Applications\/MAMP\/htdocs\/pit\/wp-content\/themes\/phillip\/.git\/objects\/d5\/39fafb0b7a33990769376d0159035571775cc8): failed to open stream: Permission denied","File":"\/Applications\/MAMP\/htdocs\/pit\/wp-content\/plugins\/all-in-one-wp-migration\/lib\/vendor\/servmask\/archiver\/class-ai1wm-extractor.php","Line":422}

Dec 22 2018 09:18:29
{"Number":2,"Message":"fopen(\/Applications\/MAMP\/htdocs\/pit\/wp-content\/themes\/phillip\/.git\/objects\/50\/fea4656fa7ddac0622c9944cd1d4e62e6afc35): failed to open stream: Permission denied","File":"\/Applications\/MAMP\/htdocs\/pit\/wp-content\/plugins\/all-in-one-wp-migration\/lib\/vendor\/servmask\/archiver\/class-ai1wm-extractor.php","Line":422}

Dec 22 2018 09:18:29
{"Number":2,"Message":"fopen(\/Applications\/MAMP\/htdocs\/pit\/wp-content\/themes\/phillip\/.git\/objects\/50\/6fec92c02883817dbaaaab142eb7132ce3e59c): failed to open stream: Permission denied","File":"\/Applications\/MAMP\/htdocs\/pit\/wp-content\/plugins\/all-in-one-wp-migration\/lib\/vendor\/servmask\/archiver\/class-ai1wm-extractor.php","Line":422}

Dec 22 2018 09:18:29
{"Number":2,"Message":"fopen(\/Applications\/MAMP\/htdocs\/pit\/wp-content\/themes\/phillip\/.git\/objects\/50\/7cc5951ec22a8d05c42f9a7e33841974395807): failed to open stream: Permission denied","File":"\/Applications\/MAMP\/htdocs\/pit\/wp-content\/plugins\/all-in-one-wp-migration\/lib\/vendor\/servmask\/archiver\/class-ai1wm-extractor.php","Line":422}

Dec 22 2018 09:18:29
{"Number":2,"Message":"fopen(\/Applications\/MAMP\/htdocs\/pit\/wp-content\/themes\/phillip\/.git\/objects\/04\/418b1b1b0961275390ed65bfac44b3978206aa): failed to open stream: Permission denied","File":"\/Applications\/MAMP\/htdocs\/pit\/wp-content\/plugins\/all-in-one-wp-migration\/lib\/vendor\/servmask\/archiver\/class-ai1wm-extractor.php","Line":422}

Dec 22 2018 09:18:29
{"Number":2,"Message":"fopen(\/Applications\/MAMP\/htdocs\/pit\/wp-content\/themes\/phillip\/.git\/objects\/36\/7723e8e1093acaf333993b8e44dba5687b7d91): failed to open stream: Permission denied","File":"\/Applications\/MAMP\/htdocs\/pit\/wp-content\/plugins\/all-in-one-wp-migration\/lib\/vendor\/servmask\/archiver\/class-ai1wm-extractor.php","Line":422}

Dec 22 2018 09:18:29
{"Number":2,"Message":"fopen(\/Applications\/MAMP\/htdocs\/pit\/wp-content\/themes\/phillip\/.git\/objects\/f2\/dba39ad3ffdab43cdd79c07d3ef9c1642a5bee): failed to open stream: Permission denied","File":"\/Applications\/MAMP\/htdocs\/pit\/wp-content\/plugins\/all-in-one-wp-migration\/lib\/vendor\/servmask\/archiver\/class-ai1wm-extractor.php","Line":422}

Dec 22 2018 09:18:29
{"Number":2,"Message":"fopen(\/Applications\/MAMP\/htdocs\/pit\/wp-content\/themes\/phillip\/.git\/objects\/d6\/f8f6e1567decddeed1cbeccc849e417221c367): failed to open stream: Permission denied","File":"\/Applications\/MAMP\/htdocs\/pit\/wp-content\/plugins\/all-in-one-wp-migration\/lib\/vendor\/servmask\/archiver\/class-ai1wm-extractor.php","Line":422}

Dec 22 2018 09:18:29
{"Number":2,"Message":"fopen(\/Applications\/MAMP\/htdocs\/pit\/wp-content\/themes\/phillip\/.git\/objects\/e6\/9de29bb2d1d6434b8b29ae775ad8c2e48c5391): failed to open stream: Permission denied","File":"\/Applications\/MAMP\/htdocs\/pit\/wp-content\/plugins\/all-in-one-wp-migration\/lib\/vendor\/servmask\/archiver\/class-ai1wm-extractor.php","Line":422}

Dec 22 2018 09:18:29
{"Number":2,"Message":"fopen(\/Applications\/MAMP\/htdocs\/pit\/wp-content\/themes\/phillip\/.git\/objects\/e3\/b26cdbce1265dd5ca61e4029cee88f5ee9c24e): failed to open stream: Permission denied","File":"\/Applications\/MAMP\/htdocs\/pit\/wp-content\/plugins\/all-in-one-wp-migration\/lib\/vendor\/servmask\/archiver\/class-ai1wm-extractor.php","Line":422}

Dec 22 2018 09:18:29
{"Number":2,"Message":"fopen(\/Applications\/MAMP\/htdocs\/pit\/wp-content\/themes\/phillip\/.git\/objects\/17\/b2d0539eff4bd40b0954dc3bea0b770599d194): failed to open stream: Permission denied","File":"\/Applications\/MAMP\/htdocs\/pit\/wp-content\/plugins\/all-in-one-wp-migration\/lib\/vendor\/servmask\/archiver\/class-ai1wm-extractor.php","Line":422}

Dec 22 2018 09:18:29
{"Number":2,"Message":"fopen(\/Applications\/MAMP\/htdocs\/pit\/wp-content\/themes\/phillip\/.git\/objects\/83\/33692d9e2f19a4e64d0bf3c7a8251d578118a7): failed to open stream: Permission denied","File":"\/Applications\/MAMP\/htdocs\/pit\/wp-content\/plugins\/all-in-one-wp-migration\/lib\/vendor\/servmask\/archiver\/class-ai1wm-extractor.php","Line":422}

Dec 22 2018 09:18:29
{"Number":2,"Message":"fopen(\/Applications\/MAMP\/htdocs\/pit\/wp-content\/themes\/phillip\/.git\/objects\/83\/28a364ddaa1f9912ab7a06ead46411131898f1): failed to open stream: Permission denied","File":"\/Applications\/MAMP\/htdocs\/pit\/wp-content\/plugins\/all-in-one-wp-migration\/lib\/vendor\/servmask\/archiver\/class-ai1wm-extractor.php","Line":422}

Dec 22 2018 09:18:29
{"Number":2,"Message":"fopen(\/Applications\/MAMP\/htdocs\/pit\/wp-content\/themes\/phillip\/.git\/objects\/ce\/e5f931303a282b18b58b5dd6012ab5e861f54b): failed to open stream: Permission denied","File":"\/Applications\/MAMP\/htdocs\/pit\/wp-content\/plugins\/all-in-one-wp-migration\/lib\/vendor\/servmask\/archiver\/class-ai1wm-extractor.php","Line":422}

Dec 22 2018 09:18:29
{"Number":2,"Message":"fopen(\/Applications\/MAMP\/htdocs\/pit\/wp-content\/themes\/phillip\/.git\/objects\/21\/1a1ae7d83c60fc37f322090c95874f7b8e022a): failed to open stream: Permission denied","File":"\/Applications\/MAMP\/htdocs\/pit\/wp-content\/plugins\/all-in-one-wp-migration\/lib\/vendor\/servmask\/archiver\/class-ai1wm-extractor.php","Line":422}

Dec 22 2018 09:18:29
{"Number":2,"Message":"fopen(\/Applications\/MAMP\/htdocs\/pit\/wp-content\/themes\/phillip\/.git\/objects\/26\/55a2603bf43b20c6ee9a6513444f5d3b30913d): failed to open stream: Permission denied","File":"\/Applications\/MAMP\/htdocs\/pit\/wp-content\/plugins\/all-in-one-wp-migration\/lib\/vendor\/servmask\/archiver\/class-ai1wm-extractor.php","Line":422}

Dec 22 2018 09:18:29
{"Number":2,"Message":"fopen(\/Applications\/MAMP\/htdocs\/pit\/wp-content\/themes\/phillip\/.git\/objects\/6b\/9187e7488beae1d22fbfdcdd38a1d20ab82e38): failed to open stream: Permission denied","File":"\/Applications\/MAMP\/htdocs\/pit\/wp-content\/plugins\/all-in-one-wp-migration\/lib\/vendor\/servmask\/archiver\/class-ai1wm-extractor.php","Line":422}

Dec 22 2018 09:18:29
{"Number":2,"Message":"fopen(\/Applications\/MAMP\/htdocs\/pit\/wp-content\/themes\/phillip\/.git\/objects\/9d\/6100d032c291efe2cfd694c7bdf7f0355c1b0d): failed to open stream: Permission denied","File":"\/Applications\/MAMP\/htdocs\/pit\/wp-content\/plugins\/all-in-one-wp-migration\/lib\/vendor\/servmask\/archiver\/class-ai1wm-extractor.php","Line":422}

Dec 22 2018 09:18:29
{"Number":2,"Message":"fopen(\/Applications\/MAMP\/htdocs\/pit\/wp-content\/themes\/phillip\/.git\/objects\/d2\/4a84edad9528f372f4052d38b1518aff35bcc4): failed to open stream: Permission denied","File":"\/Applications\/MAMP\/htdocs\/pit\/wp-content\/plugins\/all-in-one-wp-migration\/lib\/vendor\/servmask\/archiver\/class-ai1wm-extractor.php","Line":422}

Dec 22 2018 09:18:29
{"Number":2,"Message":"fopen(\/Applications\/MAMP\/htdocs\/pit\/wp-content\/themes\/phillip\/.git\/objects\/19\/17b139d93b2c478b9c0d995cb71ec5b2cbd414): failed to open stream: Permission denied","File":"\/Applications\/MAMP\/htdocs\/pit\/wp-content\/plugins\/all-in-one-wp-migration\/lib\/vendor\/servmask\/archiver\/class-ai1wm-extractor.php","Line":422}

Dec 22 2018 09:18:29
{"Number":2,"Message":"fopen(\/Applications\/MAMP\/htdocs\/pit\/wp-content\/themes\/phillip\/.git\/objects\/98\/e2dd225bb369a28bc8c84a7f69df9f69e35fbc): failed to open stream: Permission denied","File":"\/Applications\/MAMP\/htdocs\/pit\/wp-content\/plugins\/all-in-one-wp-migration\/lib\/vendor\/servmask\/archiver\/class-ai1wm-extractor.php","Line":422}

Dec 22 2018 09:18:29
{"Number":2,"Message":"fopen(\/Applications\/MAMP\/htdocs\/pit\/wp-content\/themes\/phillip\/.git\/objects\/c1\/773b8c946035dd58c376d9cf02419ba15ba795): failed to open stream: Permission denied","File":"\/Applications\/MAMP\/htdocs\/pit\/wp-content\/plugins\/all-in-one-wp-migration\/lib\/vendor\/servmask\/archiver\/class-ai1wm-extractor.php","Line":422}

Dec 22 2018 09:18:29
{"Number":2,"Message":"fopen(\/Applications\/MAMP\/htdocs\/pit\/wp-content\/themes\/phillip\/.git\/objects\/c1\/7c6fe474377d51bb128d7e41fdf582547de7ee): failed to open stream: Permission denied","File":"\/Applications\/MAMP\/htdocs\/pit\/wp-content\/plugins\/all-in-one-wp-migration\/lib\/vendor\/servmask\/archiver\/class-ai1wm-extractor.php","Line":422}

Dec 22 2018 09:18:29
{"Number":2,"Message":"fopen(\/Applications\/MAMP\/htdocs\/pit\/wp-content\/themes\/phillip\/.git\/objects\/b4\/6086d657d1477b693b2fee84e7658949fd282f): failed to open stream: Permission denied","File":"\/Applications\/MAMP\/htdocs\/pit\/wp-content\/plugins\/all-in-one-wp-migration\/lib\/vendor\/servmask\/archiver\/class-ai1wm-extractor.php","Line":422}

Dec 22 2018 09:18:29
{"Number":2,"Message":"fopen(\/Applications\/MAMP\/htdocs\/pit\/wp-content\/themes\/phillip\/.git\/objects\/d3\/10b86a54eed531f7b78dd1ef0df312e0e65745): failed to open stream: Permission denied","File":"\/Applications\/MAMP\/htdocs\/pit\/wp-content\/plugins\/all-in-one-wp-migration\/lib\/vendor\/servmask\/archiver\/class-ai1wm-extractor.php","Line":422}

Dec 22 2018 09:18:29
{"Number":2,"Message":"fopen(\/Applications\/MAMP\/htdocs\/pit\/wp-content\/themes\/phillip\/.git\/objects\/d3\/22a3fa5077621c5896615d1a5f8b1c12b97da0): failed to open stream: Permission denied","File":"\/Applications\/MAMP\/htdocs\/pit\/wp-content\/plugins\/all-in-one-wp-migration\/lib\/vendor\/servmask\/archiver\/class-ai1wm-extractor.php","Line":422}

Dec 22 2018 09:18:29
{"Number":2,"Message":"fopen(\/Applications\/MAMP\/htdocs\/pit\/wp-content\/themes\/phillip\/.git\/objects\/d3\/4077ed9676b5c43f23e71f8a3838e09e6fc102): failed to open stream: Permission denied","File":"\/Applications\/MAMP\/htdocs\/pit\/wp-content\/plugins\/all-in-one-wp-migration\/lib\/vendor\/servmask\/archiver\/class-ai1wm-extractor.php","Line":422}

Dec 22 2018 09:18:29
{"Number":2,"Message":"fopen(\/Applications\/MAMP\/htdocs\/pit\/wp-content\/themes\/phillip\/.git\/objects\/c9\/06dbe7dc7ba47b530a81e2139d700b780693ec): failed to open stream: Permission denied","File":"\/Applications\/MAMP\/htdocs\/pit\/wp-content\/plugins\/all-in-one-wp-migration\/lib\/vendor\/servmask\/archiver\/class-ai1wm-extractor.php","Line":422}

Dec 22 2018 09:18:29
{"Number":2,"Message":"fopen(\/Applications\/MAMP\/htdocs\/pit\/wp-content\/themes\/phillip\/.git\/objects\/27\/918b3ef850a1b16747688755d1a2448d11f8a4): failed to open stream: Permission denied","File":"\/Applications\/MAMP\/htdocs\/pit\/wp-content\/plugins\/all-in-one-wp-migration\/lib\/vendor\/servmask\/archiver\/class-ai1wm-extractor.php","Line":422}

Dec 22 2018 09:18:29
{"Number":2,"Message":"fopen(\/Applications\/MAMP\/htdocs\/pit\/wp-content\/themes\/phillip\/.git\/objects\/27\/7376890f5cfac03c1c083694304bf9cd467daf): failed to open stream: Permission denied","File":"\/Applications\/MAMP\/htdocs\/pit\/wp-content\/plugins\/all-in-one-wp-migration\/lib\/vendor\/servmask\/archiver\/class-ai1wm-extractor.php","Line":422}

Dec 22 2018 09:18:29
{"Number":2,"Message":"fopen(\/Applications\/MAMP\/htdocs\/pit\/wp-content\/themes\/phillip\/.git\/objects\/00\/37752e09c5ddddb6357594537f0324810b771c): failed to open stream: Permission denied","File":"\/Applications\/MAMP\/htdocs\/pit\/wp-content\/plugins\/all-in-one-wp-migration\/lib\/vendor\/servmask\/archiver\/class-ai1wm-extractor.php","Line":422}

Dec 22 2018 09:18:29
{"Number":2,"Message":"fopen(\/Applications\/MAMP\/htdocs\/pit\/wp-content\/themes\/phillip\/.git\/objects\/61\/3104457abe57b9831b9f5595d3145031641574): failed to open stream: Permission denied","File":"\/Applications\/MAMP\/htdocs\/pit\/wp-content\/plugins\/all-in-one-wp-migration\/lib\/vendor\/servmask\/archiver\/class-ai1wm-extractor.php","Line":422}

Dec 22 2018 09:18:29
{"Number":2,"Message":"fopen(\/Applications\/MAMP\/htdocs\/pit\/wp-content\/themes\/phillip\/.git\/objects\/59\/3efb539e45de3b036e43fbb41886e834b98402): failed to open stream: Permission denied","File":"\/Applications\/MAMP\/htdocs\/pit\/wp-content\/plugins\/all-in-one-wp-migration\/lib\/vendor\/servmask\/archiver\/class-ai1wm-extractor.php","Line":422}

Dec 22 2018 09:18:29
{"Number":2,"Message":"fopen(\/Applications\/MAMP\/htdocs\/pit\/wp-content\/themes\/phillip\/.git\/objects\/59\/216a24bc4a127e6e1973f8574318e917b2a398): failed to open stream: Permission denied","File":"\/Applications\/MAMP\/htdocs\/pit\/wp-content\/plugins\/all-in-one-wp-migration\/lib\/vendor\/servmask\/archiver\/class-ai1wm-extractor.php","Line":422}

Dec 22 2018 09:18:29
{"Number":2,"Message":"fopen(\/Applications\/MAMP\/htdocs\/pit\/wp-content\/themes\/phillip\/.git\/objects\/5c\/41edc445cd3b5f844e61a54a4ad8a7cb999830): failed to open stream: Permission denied","File":"\/Applications\/MAMP\/htdocs\/pit\/wp-content\/plugins\/all-in-one-wp-migration\/lib\/vendor\/servmask\/archiver\/class-ai1wm-extractor.php","Line":422}

Dec 22 2018 09:18:29
{"Number":2,"Message":"fopen(\/Applications\/MAMP\/htdocs\/pit\/wp-content\/themes\/phillip\/.git\/objects\/ae\/80e4fee92babe8212e39046ed349100b0e5576): failed to open stream: Permission denied","File":"\/Applications\/MAMP\/htdocs\/pit\/wp-content\/plugins\/all-in-one-wp-migration\/lib\/vendor\/servmask\/archiver\/class-ai1wm-extractor.php","Line":422}

Dec 22 2018 09:18:29
{"Number":2,"Message":"fopen(\/Applications\/MAMP\/htdocs\/pit\/wp-content\/themes\/phillip\/.git\/objects\/ae\/44e48cf6b4926cf5843352e98994d4f301a71f): failed to open stream: Permission denied","File":"\/Applications\/MAMP\/htdocs\/pit\/wp-content\/plugins\/all-in-one-wp-migration\/lib\/vendor\/servmask\/archiver\/class-ai1wm-extractor.php","Line":422}

Dec 22 2018 09:18:29
{"Number":2,"Message":"fopen(\/Applications\/MAMP\/htdocs\/pit\/wp-content\/themes\/phillip\/.git\/objects\/5f\/d97e3c1cecfc48f470d5e43762c8355b177ac0): failed to open stream: Permission denied","File":"\/Applications\/MAMP\/htdocs\/pit\/wp-content\/plugins\/all-in-one-wp-migration\/lib\/vendor\/servmask\/archiver\/class-ai1wm-extractor.php","Line":422}

Dec 22 2018 09:18:29
{"Number":2,"Message":"fopen(\/Applications\/MAMP\/htdocs\/pit\/wp-content\/themes\/phillip\/.git\/objects\/5f\/c52263ac9af4ba4e673d0b048534297d69da28): failed to open stream: Permission denied","File":"\/Applications\/MAMP\/htdocs\/pit\/wp-content\/plugins\/all-in-one-wp-migration\/lib\/vendor\/servmask\/archiver\/class-ai1wm-extractor.php","Line":422}

Dec 22 2018 09:18:29
{"Number":2,"Message":"fopen(\/Applications\/MAMP\/htdocs\/pit\/wp-content\/themes\/phillip\/.git\/objects\/46\/ec1762de17bc7026056759275a5a2e1e836a11): failed to open stream: Permission denied","File":"\/Applications\/MAMP\/htdocs\/pit\/wp-content\/plugins\/all-in-one-wp-migration\/lib\/vendor\/servmask\/archiver\/class-ai1wm-extractor.php","Line":422}

Dec 22 2018 09:18:29
{"Number":2,"Message":"fopen(\/Applications\/MAMP\/htdocs\/pit\/wp-content\/themes\/phillip\/.git\/objects\/46\/9887ccac5cb596a4450f578e9224b548eaad75): failed to open stream: Permission denied","File":"\/Applications\/MAMP\/htdocs\/pit\/wp-content\/plugins\/all-in-one-wp-migration\/lib\/vendor\/servmask\/archiver\/class-ai1wm-extractor.php","Line":422}

Dec 22 2018 09:18:29
{"Number":2,"Message":"fopen(\/Applications\/MAMP\/htdocs\/pit\/wp-content\/themes\/phillip\/.git\/objects\/0b\/642ed33cae55051d672326153438a706cacf88): failed to open stream: Permission denied","File":"\/Applications\/MAMP\/htdocs\/pit\/wp-content\/plugins\/all-in-one-wp-migration\/lib\/vendor\/servmask\/archiver\/class-ai1wm-extractor.php","Line":422}

Dec 22 2018 09:18:29
{"Number":2,"Message":"fopen(\/Applications\/MAMP\/htdocs\/pit\/wp-content\/themes\/phillip\/.git\/objects\/35\/e1e585266683e18b88f9072d79b716a4f836c8): failed to open stream: Permission denied","File":"\/Applications\/MAMP\/htdocs\/pit\/wp-content\/plugins\/all-in-one-wp-migration\/lib\/vendor\/servmask\/archiver\/class-ai1wm-extractor.php","Line":422}

Dec 22 2018 09:18:29
{"Number":2,"Message":"fopen(\/Applications\/MAMP\/htdocs\/pit\/wp-content\/themes\/phillip\/.git\/objects\/08\/f1623e621da06985a935fb53d83508407fe335): failed to open stream: Permission denied","File":"\/Applications\/MAMP\/htdocs\/pit\/wp-content\/plugins\/all-in-one-wp-migration\/lib\/vendor\/servmask\/archiver\/class-ai1wm-extractor.php","Line":422}

Dec 22 2018 09:18:29
{"Number":2,"Message":"fopen(\/Applications\/MAMP\/htdocs\/pit\/wp-content\/themes\/phillip\/.git\/objects\/09\/b3d7423d86945a8bd94721d8cff9c0dd9f4cfb): failed to open stream: Permission denied","File":"\/Applications\/MAMP\/htdocs\/pit\/wp-content\/plugins\/all-in-one-wp-migration\/lib\/vendor\/servmask\/archiver\/class-ai1wm-extractor.php","Line":422}

Dec 22 2018 09:18:29
{"Number":2,"Message":"fopen(\/Applications\/MAMP\/htdocs\/pit\/wp-content\/themes\/phillip\/.git\/objects\/76\/689f9ae8f97b526176505926ec9dedb5fa0219): failed to open stream: Permission denied","File":"\/Applications\/MAMP\/htdocs\/pit\/wp-content\/plugins\/all-in-one-wp-migration\/lib\/vendor\/servmask\/archiver\/class-ai1wm-extractor.php","Line":422}

Dec 22 2018 09:18:29
{"Number":2,"Message":"fopen(\/Applications\/MAMP\/htdocs\/pit\/wp-content\/themes\/phillip\/.git\/objects\/76\/40d4e2d144b0d302de35b8a31b032fa2e693d7): failed to open stream: Permission denied","File":"\/Applications\/MAMP\/htdocs\/pit\/wp-content\/plugins\/all-in-one-wp-migration\/lib\/vendor\/servmask\/archiver\/class-ai1wm-extractor.php","Line":422}

Dec 22 2018 09:18:29
{"Number":2,"Message":"fopen(\/Applications\/MAMP\/htdocs\/pit\/wp-content\/themes\/phillip\/.git\/objects\/c0\/d1e169a91342a3730509eacc2bf1de2307203c): failed to open stream: Permission denied","File":"\/Applications\/MAMP\/htdocs\/pit\/wp-content\/plugins\/all-in-one-wp-migration\/lib\/vendor\/servmask\/archiver\/class-ai1wm-extractor.php","Line":422}

Dec 22 2018 09:18:29
{"Number":2,"Message":"fopen(\/Applications\/MAMP\/htdocs\/pit\/wp-content\/themes\/phillip\/.git\/objects\/12\/2c07321da2c9c0fc18b78dfa4bc56ff1728d9b): failed to open stream: Permission denied","File":"\/Applications\/MAMP\/htdocs\/pit\/wp-content\/plugins\/all-in-one-wp-migration\/lib\/vendor\/servmask\/archiver\/class-ai1wm-extractor.php","Line":422}

Dec 22 2018 09:18:29
{"Number":2,"Message":"fopen(\/Applications\/MAMP\/htdocs\/pit\/wp-content\/themes\/phillip\/.git\/objects\/ac\/d5b337c457de4e23c83d8a97daf40908e3e65d): failed to open stream: Permission denied","File":"\/Applications\/MAMP\/htdocs\/pit\/wp-content\/plugins\/all-in-one-wp-migration\/lib\/vendor\/servmask\/archiver\/class-ai1wm-extractor.php","Line":422}

Dec 22 2018 09:18:29
{"Number":2,"Message":"fopen(\/Applications\/MAMP\/htdocs\/pit\/wp-content\/themes\/phillip\/.git\/objects\/01\/cfa536a7cd7eee26b99866dcbef8640dca44f6): failed to open stream: Permission denied","File":"\/Applications\/MAMP\/htdocs\/pit\/wp-content\/plugins\/all-in-one-wp-migration\/lib\/vendor\/servmask\/archiver\/class-ai1wm-extractor.php","Line":422}

Dec 22 2018 09:18:29
{"Number":2,"Message":"fopen(\/Applications\/MAMP\/htdocs\/pit\/wp-content\/themes\/phillip\/.git\/objects\/e7\/65590e8bf81eda3572a6ddc27c73694ffc0bf8): failed to open stream: Permission denied","File":"\/Applications\/MAMP\/htdocs\/pit\/wp-content\/plugins\/all-in-one-wp-migration\/lib\/vendor\/servmask\/archiver\/class-ai1wm-extractor.php","Line":422}

Dec 22 2018 09:18:29
{"Number":2,"Message":"fopen(\/Applications\/MAMP\/htdocs\/pit\/wp-content\/themes\/phillip\/.git\/objects\/e7\/7a4cc943648d420bb2a7438065dd54a94c5e47): failed to open stream: Permission denied","File":"\/Applications\/MAMP\/htdocs\/pit\/wp-content\/plugins\/all-in-one-wp-migration\/lib\/vendor\/servmask\/archiver\/class-ai1wm-extractor.php","Line":422}

Dec 22 2018 09:18:29
{"Number":2,"Message":"fopen(\/Applications\/MAMP\/htdocs\/pit\/wp-content\/themes\/phillip\/.git\/objects\/44\/2a6071b66ad4cd2be3efa5789f79ce1e8fa5bc): failed to open stream: Permission denied","File":"\/Applications\/MAMP\/htdocs\/pit\/wp-content\/plugins\/all-in-one-wp-migration\/lib\/vendor\/servmask\/archiver\/class-ai1wm-extractor.php","Line":422}

Dec 22 2018 09:18:29
{"Number":2,"Message":"fopen(\/Applications\/MAMP\/htdocs\/pit\/wp-content\/themes\/phillip\/.git\/objects\/44\/4b6b60679ace54cad6fb2664da2cdb309fa21c): failed to open stream: Permission denied","File":"\/Applications\/MAMP\/htdocs\/pit\/wp-content\/plugins\/all-in-one-wp-migration\/lib\/vendor\/servmask\/archiver\/class-ai1wm-extractor.php","Line":422}

Dec 22 2018 09:18:29
{"Number":2,"Message":"fopen(\/Applications\/MAMP\/htdocs\/pit\/wp-content\/themes\/phillip\/.git\/objects\/13\/760c5cad3d6eb6926d89d68774ddfc8a80d5b2): failed to open stream: Permission denied","File":"\/Applications\/MAMP\/htdocs\/pit\/wp-content\/plugins\/all-in-one-wp-migration\/lib\/vendor\/servmask\/archiver\/class-ai1wm-extractor.php","Line":422}

Dec 22 2018 09:18:29
{"Number":2,"Message":"fopen(\/Applications\/MAMP\/htdocs\/pit\/wp-content\/themes\/phillip\/.git\/objects\/b5\/bf15a0ca0dc89d0cbe819958993593f7dc518d): failed to open stream: Permission denied","File":"\/Applications\/MAMP\/htdocs\/pit\/wp-content\/plugins\/all-in-one-wp-migration\/lib\/vendor\/servmask\/archiver\/class-ai1wm-extractor.php","Line":422}

Dec 22 2018 09:18:29
{"Number":2,"Message":"fopen(\/Applications\/MAMP\/htdocs\/pit\/wp-content\/themes\/phillip\/.git\/objects\/95\/a5b4d2165af4768c603b617e56b3843ee429d9): failed to open stream: Permission denied","File":"\/Applications\/MAMP\/htdocs\/pit\/wp-content\/plugins\/all-in-one-wp-migration\/lib\/vendor\/servmask\/archiver\/class-ai1wm-extractor.php","Line":422}

Dec 22 2018 09:18:29
{"Number":2,"Message":"fopen(\/Applications\/MAMP\/htdocs\/pit\/wp-content\/themes\/phillip\/.git\/objects\/8e\/bf8f27508770be196aebd9c9b643da734b8d05): failed to open stream: Permission denied","File":"\/Applications\/MAMP\/htdocs\/pit\/wp-content\/plugins\/all-in-one-wp-migration\/lib\/vendor\/servmask\/archiver\/class-ai1wm-extractor.php","Line":422}

Dec 22 2018 09:18:29
{"Number":2,"Message":"fopen(\/Applications\/MAMP\/htdocs\/pit\/wp-content\/themes\/phillip\/.git\/objects\/4b\/1570fa4621c6e4075522146be855a467e8aaa8): failed to open stream: Permission denied","File":"\/Applications\/MAMP\/htdocs\/pit\/wp-content\/plugins\/all-in-one-wp-migration\/lib\/vendor\/servmask\/archiver\/class-ai1wm-extractor.php","Line":422}

Dec 22 2018 09:18:29
{"Number":2,"Message":"fopen(\/Applications\/MAMP\/htdocs\/pit\/wp-content\/themes\/phillip\/.git\/objects\/66\/e8606c896e84160dfa66903f3fb2c3445cd2cd): failed to open stream: Permission denied","File":"\/Applications\/MAMP\/htdocs\/pit\/wp-content\/plugins\/all-in-one-wp-migration\/lib\/vendor\/servmask\/archiver\/class-ai1wm-extractor.php","Line":422}

Dec 22 2018 09:18:29
{"Number":2,"Message":"fopen(\/Applications\/MAMP\/htdocs\/pit\/wp-content\/themes\/phillip\/.git\/objects\/3e\/fef9bdde1dcdc421e715d658175855be9917f7): failed to open stream: Permission denied","File":"\/Applications\/MAMP\/htdocs\/pit\/wp-content\/plugins\/all-in-one-wp-migration\/lib\/vendor\/servmask\/archiver\/class-ai1wm-extractor.php","Line":422}

Dec 22 2018 09:18:29
{"Number":2,"Message":"fopen(\/Applications\/MAMP\/htdocs\/pit\/wp-content\/themes\/phillip\/.git\/objects\/e0\/8db7e64152be77c569db0f6c882b98417344f2): failed to open stream: Permission denied","File":"\/Applications\/MAMP\/htdocs\/pit\/wp-content\/plugins\/all-in-one-wp-migration\/lib\/vendor\/servmask\/archiver\/class-ai1wm-extractor.php","Line":422}

Dec 22 2018 09:18:29
{"Number":2,"Message":"fopen(\/Applications\/MAMP\/htdocs\/pit\/wp-content\/themes\/phillip\/.git\/objects\/96\/dfd2f7913b1f5f2585727f2d05fc107495d15b): failed to open stream: Permission denied","File":"\/Applications\/MAMP\/htdocs\/pit\/wp-content\/plugins\/all-in-one-wp-migration\/lib\/vendor\/servmask\/archiver\/class-ai1wm-extractor.php","Line":422}

Dec 22 2018 09:18:29
{"Number":2,"Message":"fopen(\/Applications\/MAMP\/htdocs\/pit\/wp-content\/themes\/phillip\/.git\/objects\/74\/2f169746dbc39e777d9f554bcb8eb7fb64f03c): failed to open stream: Permission denied","File":"\/Applications\/MAMP\/htdocs\/pit\/wp-content\/plugins\/all-in-one-wp-migration\/lib\/vendor\/servmask\/archiver\/class-ai1wm-extractor.php","Line":422}

Dec 22 2018 09:18:29
{"Number":2,"Message":"fopen(\/Applications\/MAMP\/htdocs\/pit\/wp-content\/themes\/phillip\/.git\/objects\/5d\/63827f31bbe7aa057a1742b4c04723b50aafbb): failed to open stream: Permission denied","File":"\/Applications\/MAMP\/htdocs\/pit\/wp-content\/plugins\/all-in-one-wp-migration\/lib\/vendor\/servmask\/archiver\/class-ai1wm-extractor.php","Line":422}

Dec 22 2018 09:18:29
{"Number":2,"Message":"fopen(\/Applications\/MAMP\/htdocs\/pit\/wp-content\/themes\/phillip\/.git\/objects\/5d\/ea0f154e4c9de63229e0d9ea66460c2f74f084): failed to open stream: Permission denied","File":"\/Applications\/MAMP\/htdocs\/pit\/wp-content\/plugins\/all-in-one-wp-migration\/lib\/vendor\/servmask\/archiver\/class-ai1wm-extractor.php","Line":422}

Dec 22 2018 09:18:29
{"Number":2,"Message":"fopen(\/Applications\/MAMP\/htdocs\/pit\/wp-content\/themes\/phillip\/.git\/objects\/5d\/b6ab4efcd864284c2e6e1945479d59e81ab224): failed to open stream: Permission denied","File":"\/Applications\/MAMP\/htdocs\/pit\/wp-content\/plugins\/all-in-one-wp-migration\/lib\/vendor\/servmask\/archiver\/class-ai1wm-extractor.php","Line":422}

Dec 22 2018 09:18:29
{"Number":2,"Message":"fopen(\/Applications\/MAMP\/htdocs\/pit\/wp-content\/themes\/phillip\/.git\/objects\/0d\/22593fa0f985ed35ec235766c8d297ed169176): failed to open stream: Permission denied","File":"\/Applications\/MAMP\/htdocs\/pit\/wp-content\/plugins\/all-in-one-wp-migration\/lib\/vendor\/servmask\/archiver\/class-ai1wm-extractor.php","Line":422}

Dec 22 2018 09:18:29
{"Number":2,"Message":"fopen(\/Applications\/MAMP\/htdocs\/pit\/wp-content\/themes\/phillip\/.git\/objects\/55\/c84386cc7dc89c1d0283ba743f0956f17dc972): failed to open stream: Permission denied","File":"\/Applications\/MAMP\/htdocs\/pit\/wp-content\/plugins\/all-in-one-wp-migration\/lib\/vendor\/servmask\/archiver\/class-ai1wm-extractor.php","Line":422}

Dec 22 2018 09:18:29
{"Number":2,"Message":"fopen(\/Applications\/MAMP\/htdocs\/pit\/wp-content\/themes\/phillip\/.git\/objects\/fe\/5c646d9989a05459e85f50b4ab7bfb0683a443): failed to open stream: Permission denied","File":"\/Applications\/MAMP\/htdocs\/pit\/wp-content\/plugins\/all-in-one-wp-migration\/lib\/vendor\/servmask\/archiver\/class-ai1wm-extractor.php","Line":422}

Dec 22 2018 09:18:29
{"Number":2,"Message":"fopen(\/Applications\/MAMP\/htdocs\/pit\/wp-content\/themes\/phillip\/.git\/objects\/fe\/a9328a4b23a6731b44a930350c5d66cc7f4df3): failed to open stream: Permission denied","File":"\/Applications\/MAMP\/htdocs\/pit\/wp-content\/plugins\/all-in-one-wp-migration\/lib\/vendor\/servmask\/archiver\/class-ai1wm-extractor.php","Line":422}

Dec 22 2018 09:18:29
{"Number":2,"Message":"fopen(\/Applications\/MAMP\/htdocs\/pit\/wp-content\/themes\/phillip\/.git\/objects\/f1\/40f08f38f47e4c09aa22c2dd0aa73008f745d9): failed to open stream: Permission denied","File":"\/Applications\/MAMP\/htdocs\/pit\/wp-content\/plugins\/all-in-one-wp-migration\/lib\/vendor\/servmask\/archiver\/class-ai1wm-extractor.php","Line":422}

Dec 22 2018 09:18:29
{"Number":2,"Message":"fopen(\/Applications\/MAMP\/htdocs\/pit\/wp-content\/themes\/phillip\/.git\/objects\/a2\/98f1544225c214b1b8f220551d1fb89ade5cc3): failed to open stream: Permission denied","File":"\/Applications\/MAMP\/htdocs\/pit\/wp-content\/plugins\/all-in-one-wp-migration\/lib\/vendor\/servmask\/archiver\/class-ai1wm-extractor.php","Line":422}

Dec 22 2018 09:18:29
{"Number":2,"Message":"fopen(\/Applications\/MAMP\/htdocs\/pit\/wp-content\/themes\/phillip\/.git\/objects\/a2\/52ae162ce90cc0b6c4afdd9865dd094ba1c407): failed to open stream: Permission denied","File":"\/Applications\/MAMP\/htdocs\/pit\/wp-content\/plugins\/all-in-one-wp-migration\/lib\/vendor\/servmask\/archiver\/class-ai1wm-extractor.php","Line":422}

Dec 22 2018 09:18:29
{"Number":2,"Message":"fopen(\/Applications\/MAMP\/htdocs\/pit\/wp-content\/themes\/phillip\/.git\/objects\/3c\/f415cbd4fee664a61c97c83fc9009fdd3713a8): failed to open stream: Permission denied","File":"\/Applications\/MAMP\/htdocs\/pit\/wp-content\/plugins\/all-in-one-wp-migration\/lib\/vendor\/servmask\/archiver\/class-ai1wm-extractor.php","Line":422}

Dec 22 2018 09:18:29
{"Number":2,"Message":"fopen(\/Applications\/MAMP\/htdocs\/pit\/wp-content\/themes\/phillip\/.git\/objects\/1a\/2b0402605b20e99cc48c0796dc35934f366de5): failed to open stream: Permission denied","File":"\/Applications\/MAMP\/htdocs\/pit\/wp-content\/plugins\/all-in-one-wp-migration\/lib\/vendor\/servmask\/archiver\/class-ai1wm-extractor.php","Line":422}

Dec 22 2018 09:18:29
{"Number":2,"Message":"fopen(\/Applications\/MAMP\/htdocs\/pit\/wp-content\/themes\/phillip\/.git\/objects\/73\/05c0992b7c0f299fb1f322b54af447ca1fa05d): failed to open stream: Permission denied","File":"\/Applications\/MAMP\/htdocs\/pit\/wp-content\/plugins\/all-in-one-wp-migration\/lib\/vendor\/servmask\/archiver\/class-ai1wm-extractor.php","Line":422}

Dec 22 2018 09:18:29
{"Number":2,"Message":"fopen(\/Applications\/MAMP\/htdocs\/pit\/wp-content\/themes\/phillip\/.git\/objects\/73\/7e9d7eb8b252625db7831ad4468a7344dc8c26): failed to open stream: Permission denied","File":"\/Applications\/MAMP\/htdocs\/pit\/wp-content\/plugins\/all-in-one-wp-migration\/lib\/vendor\/servmask\/archiver\/class-ai1wm-extractor.php","Line":422}

Dec 22 2018 09:18:29
{"Number":2,"Message":"fopen(\/Applications\/MAMP\/htdocs\/pit\/wp-content\/themes\/phillip\/.git\/objects\/9b\/21c1314791e282f07646c1c31956b13f7f615d): failed to open stream: Permission denied","File":"\/Applications\/MAMP\/htdocs\/pit\/wp-content\/plugins\/all-in-one-wp-migration\/lib\/vendor\/servmask\/archiver\/class-ai1wm-extractor.php","Line":422}

Dec 22 2018 09:18:29
{"Number":2,"Message":"fopen(\/Applications\/MAMP\/htdocs\/pit\/wp-content\/themes\/phillip\/.git\/objects\/b8\/5a0de517415b749167e2aa239c6300f70363bb): failed to open stream: Permission denied","File":"\/Applications\/MAMP\/htdocs\/pit\/wp-content\/plugins\/all-in-one-wp-migration\/lib\/vendor\/servmask\/archiver\/class-ai1wm-extractor.php","Line":422}

Dec 22 2018 09:18:29
{"Number":2,"Message":"fopen(\/Applications\/MAMP\/htdocs\/pit\/wp-content\/themes\/phillip\/.git\/objects\/6e\/dc36393c7a435d7f67cbfe114af8161903e525): failed to open stream: Permission denied","File":"\/Applications\/MAMP\/htdocs\/pit\/wp-content\/plugins\/all-in-one-wp-migration\/lib\/vendor\/servmask\/archiver\/class-ai1wm-extractor.php","Line":422}

Dec 22 2018 09:18:29
{"Number":2,"Message":"fopen(\/Applications\/MAMP\/htdocs\/pit\/wp-content\/themes\/phillip\/.git\/objects\/be\/c1c7454aba19d3cb1b95d4bdc1a0d6eb339edd): failed to open stream: Permission denied","File":"\/Applications\/MAMP\/htdocs\/pit\/wp-content\/plugins\/all-in-one-wp-migration\/lib\/vendor\/servmask\/archiver\/class-ai1wm-extractor.php","Line":422}

Dec 22 2018 09:18:29
{"Number":2,"Message":"fopen(\/Applications\/MAMP\/htdocs\/pit\/wp-content\/themes\/phillip\/.git\/objects\/03\/40dd453af397de547a1e9656e28b37f5a5c3a7): failed to open stream: Permission denied","File":"\/Applications\/MAMP\/htdocs\/pit\/wp-content\/plugins\/all-in-one-wp-migration\/lib\/vendor\/servmask\/archiver\/class-ai1wm-extractor.php","Line":422}

Dec 22 2018 09:18:29
{"Number":2,"Message":"fopen(\/Applications\/MAMP\/htdocs\/pit\/wp-content\/themes\/phillip\/.git\/objects\/94\/8e225db9a24809a91be1b02b0a01b34744cd3a): failed to open stream: Permission denied","File":"\/Applications\/MAMP\/htdocs\/pit\/wp-content\/plugins\/all-in-one-wp-migration\/lib\/vendor\/servmask\/archiver\/class-ai1wm-extractor.php","Line":422}

Dec 22 2018 09:18:29
{"Number":2,"Message":"fopen(\/Applications\/MAMP\/htdocs\/pit\/wp-content\/themes\/phillip\/.git\/objects\/8f\/4d5dde54c7ca1673c1ec5d07878b8173ad3564): failed to open stream: Permission denied","File":"\/Applications\/MAMP\/htdocs\/pit\/wp-content\/plugins\/all-in-one-wp-migration\/lib\/vendor\/servmask\/archiver\/class-ai1wm-extractor.php","Line":422}

Dec 22 2018 09:18:29
{"Number":2,"Message":"fopen(\/Applications\/MAMP\/htdocs\/pit\/wp-content\/themes\/phillip\/.git\/objects\/8f\/feff2f5340fa38f596376770c52173709561b8): failed to open stream: Permission denied","File":"\/Applications\/MAMP\/htdocs\/pit\/wp-content\/plugins\/all-in-one-wp-migration\/lib\/vendor\/servmask\/archiver\/class-ai1wm-extractor.php","Line":422}

Dec 22 2018 09:18:29
{"Number":2,"Message":"fopen(\/Applications\/MAMP\/htdocs\/pit\/wp-content\/themes\/phillip\/.git\/objects\/30\/2891ea499eed575b21c79333b7f26c971d05f7): failed to open stream: Permission denied","File":"\/Applications\/MAMP\/htdocs\/pit\/wp-content\/plugins\/all-in-one-wp-migration\/lib\/vendor\/servmask\/archiver\/class-ai1wm-extractor.php","Line":422}

Dec 22 2018 09:18:29
{"Number":2,"Message":"fopen(\/Applications\/MAMP\/htdocs\/pit\/wp-content\/themes\/phillip\/.git\/objects\/20\/36ef92c040e89da82dc5d71ec98a08b82e5030): failed to open stream: Permission denied","File":"\/Applications\/MAMP\/htdocs\/pit\/wp-content\/plugins\/all-in-one-wp-migration\/lib\/vendor\/servmask\/archiver\/class-ai1wm-extractor.php","Line":422}

Dec 22 2018 09:18:29
{"Number":2,"Message":"fopen(\/Applications\/MAMP\/htdocs\/pit\/wp-content\/themes\/phillip\/.git\/objects\/a1\/0a9e371d7951d2f5721635c18843e6df2815e9): failed to open stream: Permission denied","File":"\/Applications\/MAMP\/htdocs\/pit\/wp-content\/plugins\/all-in-one-wp-migration\/lib\/vendor\/servmask\/archiver\/class-ai1wm-extractor.php","Line":422}

Dec 22 2018 09:18:29
{"Number":2,"Message":"fopen(\/Applications\/MAMP\/htdocs\/pit\/wp-content\/themes\/phillip\/.git\/objects\/72\/caf77650d0e4b734d9210731de58e2530e4650): failed to open stream: Permission denied","File":"\/Applications\/MAMP\/htdocs\/pit\/wp-content\/plugins\/all-in-one-wp-migration\/lib\/vendor\/servmask\/archiver\/class-ai1wm-extractor.php","Line":422}

Dec 22 2018 09:18:29
{"Number":2,"Message":"fopen(\/Applications\/MAMP\/htdocs\/pit\/wp-content\/themes\/phillip\/.git\/objects\/bb\/8639f7afa1cc76fc474fc28d303c4b043ab1a4): failed to open stream: Permission denied","File":"\/Applications\/MAMP\/htdocs\/pit\/wp-content\/plugins\/all-in-one-wp-migration\/lib\/vendor\/servmask\/archiver\/class-ai1wm-extractor.php","Line":422}

Dec 22 2018 09:18:29
{"Number":2,"Message":"fopen(\/Applications\/MAMP\/htdocs\/pit\/wp-content\/themes\/phillip\/.git\/objects\/bb\/ab0242fd0011b903b7c15cd41d028eaac3b6ca): failed to open stream: Permission denied","File":"\/Applications\/MAMP\/htdocs\/pit\/wp-content\/plugins\/all-in-one-wp-migration\/lib\/vendor\/servmask\/archiver\/class-ai1wm-extractor.php","Line":422}

Dec 22 2018 09:18:29
{"Number":2,"Message":"fopen(\/Applications\/MAMP\/htdocs\/pit\/wp-content\/themes\/phillip\/.git\/objects\/7b\/e1c114e4b638a3a3d1a00871398d27b8f919ef): failed to open stream: Permission denied","File":"\/Applications\/MAMP\/htdocs\/pit\/wp-content\/plugins\/all-in-one-wp-migration\/lib\/vendor\/servmask\/archiver\/class-ai1wm-extractor.php","Line":422}

Dec 22 2018 09:18:29
{"Number":2,"Message":"fopen(\/Applications\/MAMP\/htdocs\/pit\/wp-content\/themes\/phillip\/.git\/objects\/db\/7411f3c6b8ef812e335391be35d04f887d26f6): failed to open stream: Permission denied","File":"\/Applications\/MAMP\/htdocs\/pit\/wp-content\/plugins\/all-in-one-wp-migration\/lib\/vendor\/servmask\/archiver\/class-ai1wm-extractor.php","Line":422}

Dec 22 2018 09:18:29
{"Number":2,"Message":"fopen(\/Applications\/MAMP\/htdocs\/pit\/wp-content\/themes\/phillip\/.git\/objects\/78\/f5ac513d222b1413267904fff88598a85ef76f): failed to open stream: Permission denied","File":"\/Applications\/MAMP\/htdocs\/pit\/wp-content\/plugins\/all-in-one-wp-migration\/lib\/vendor\/servmask\/archiver\/class-ai1wm-extractor.php","Line":422}

Dec 22 2018 09:18:29
{"Number":2,"Message":"fopen(\/Applications\/MAMP\/htdocs\/pit\/wp-content\/themes\/phillip\/.git\/objects\/91\/118e55cc0f8536978f7f0757c651f6b4d53e23): failed to open stream: Permission denied","File":"\/Applications\/MAMP\/htdocs\/pit\/wp-content\/plugins\/all-in-one-wp-migration\/lib\/vendor\/servmask\/archiver\/class-ai1wm-extractor.php","Line":422}

Dec 22 2018 09:18:29
{"Number":2,"Message":"fopen(\/Applications\/MAMP\/htdocs\/pit\/wp-content\/themes\/phillip\/.git\/objects\/e9\/87c292108f3afd10bdcff60f5449fedc4db684): failed to open stream: Permission denied","File":"\/Applications\/MAMP\/htdocs\/pit\/wp-content\/plugins\/all-in-one-wp-migration\/lib\/vendor\/servmask\/archiver\/class-ai1wm-extractor.php","Line":422}

Dec 22 2018 09:18:29
{"Number":2,"Message":"fopen(\/Applications\/MAMP\/htdocs\/pit\/wp-content\/themes\/phillip\/.git\/objects\/ba\/37f41ec5a61bb6a539796fbe5f5795e47a1d19): failed to open stream: Permission denied","File":"\/Applications\/MAMP\/htdocs\/pit\/wp-content\/plugins\/all-in-one-wp-migration\/lib\/vendor\/servmask\/archiver\/class-ai1wm-extractor.php","Line":422}

Dec 22 2018 09:18:29
{"Number":2,"Message":"fopen(\/Applications\/MAMP\/htdocs\/pit\/wp-content\/themes\/phillip\/.git\/objects\/24\/0fbf0e5292312bf1bd3f59df3650c34fa3f82b): failed to open stream: Permission denied","File":"\/Applications\/MAMP\/htdocs\/pit\/wp-content\/plugins\/all-in-one-wp-migration\/lib\/vendor\/servmask\/archiver\/class-ai1wm-extractor.php","Line":422}

Dec 22 2018 09:18:29
{"Number":2,"Message":"fopen(\/Applications\/MAMP\/htdocs\/pit\/wp-content\/themes\/phillip\/.git\/objects\/fc\/b6f07ce19704bce6c79b4114846835be6d04b8): failed to open stream: Permission denied","File":"\/Applications\/MAMP\/htdocs\/pit\/wp-content\/plugins\/all-in-one-wp-migration\/lib\/vendor\/servmask\/archiver\/class-ai1wm-extractor.php","Line":422}

Dec 22 2018 09:18:29
{"Number":2,"Message":"fopen(\/Applications\/MAMP\/htdocs\/pit\/wp-content\/themes\/phillip\/.git\/objects\/fc\/da0c119e562b995ef5e765f368d709f1198517): failed to open stream: Permission denied","File":"\/Applications\/MAMP\/htdocs\/pit\/wp-content\/plugins\/all-in-one-wp-migration\/lib\/vendor\/servmask\/archiver\/class-ai1wm-extractor.php","Line":422}

Dec 22 2018 09:18:29
{"Number":2,"Message":"fopen(\/Applications\/MAMP\/htdocs\/pit\/wp-content\/themes\/phillip\/.git\/objects\/56\/c8fbc3ef31e21868581ce68647255eb2949f6a): failed to open stream: Permission denied","File":"\/Applications\/MAMP\/htdocs\/pit\/wp-content\/plugins\/all-in-one-wp-migration\/lib\/vendor\/servmask\/archiver\/class-ai1wm-extractor.php","Line":422}

Dec 22 2018 09:18:29
{"Number":2,"Message":"fopen(\/Applications\/MAMP\/htdocs\/pit\/wp-content\/themes\/phillip\/.git\/objects\/aa\/1634c255034b34ae9be86a6a28b50d6e7d2af2): failed to open stream: Permission denied","File":"\/Applications\/MAMP\/htdocs\/pit\/wp-content\/plugins\/all-in-one-wp-migration\/lib\/vendor\/servmask\/archiver\/class-ai1wm-extractor.php","Line":422}

Dec 22 2018 09:18:29
{"Number":2,"Message":"fopen(\/Applications\/MAMP\/htdocs\/pit\/wp-content\/themes\/phillip\/.git\/objects\/aa\/0a57667d6c8ecb2dc30cd708f7512ea6032ac3): failed to open stream: Permission denied","File":"\/Applications\/MAMP\/htdocs\/pit\/wp-content\/plugins\/all-in-one-wp-migration\/lib\/vendor\/servmask\/archiver\/class-ai1wm-extractor.php","Line":422}

Dec 22 2018 09:18:29
{"Number":2,"Message":"fopen(\/Applications\/MAMP\/htdocs\/pit\/wp-content\/themes\/phillip\/.git\/objects\/aa\/628098ceb4ec4b1b6035be0ad6b6bbb4c295f8): failed to open stream: Permission denied","File":"\/Applications\/MAMP\/htdocs\/pit\/wp-content\/plugins\/all-in-one-wp-migration\/lib\/vendor\/servmask\/archiver\/class-ai1wm-extractor.php","Line":422}

Dec 22 2018 09:18:29
{"Number":2,"Message":"fopen(\/Applications\/MAMP\/htdocs\/pit\/wp-content\/themes\/phillip\/.git\/objects\/57\/158c4f6360f995c8c991f4c305b5fe8d7cef76): failed to open stream: Permission denied","File":"\/Applications\/MAMP\/htdocs\/pit\/wp-content\/plugins\/all-in-one-wp-migration\/lib\/vendor\/servmask\/archiver\/class-ai1wm-extractor.php","Line":422}

Dec 22 2018 09:18:29
{"Number":2,"Message":"fopen(\/Applications\/MAMP\/htdocs\/pit\/wp-content\/themes\/phillip\/.git\/objects\/57\/8ce0255ab3d7e12586f6cec18cabddb06616bf): failed to open stream: Permission denied","File":"\/Applications\/MAMP\/htdocs\/pit\/wp-content\/plugins\/all-in-one-wp-migration\/lib\/vendor\/servmask\/archiver\/class-ai1wm-extractor.php","Line":422}

Dec 22 2018 09:18:29
{"Number":2,"Message":"fopen(\/Applications\/MAMP\/htdocs\/pit\/wp-content\/themes\/phillip\/.git\/objects\/de\/5532d5a329be700522b0729ab4e3d498953cc7): failed to open stream: Permission denied","File":"\/Applications\/MAMP\/htdocs\/pit\/wp-content\/plugins\/all-in-one-wp-migration\/lib\/vendor\/servmask\/archiver\/class-ai1wm-extractor.php","Line":422}

Dec 22 2018 09:18:29
{"Number":2,"Message":"fopen(\/Applications\/MAMP\/htdocs\/pit\/wp-content\/themes\/phillip\/.git\/objects\/9c\/486a2819b98504f7c9b4b0ebacfab1888d05d3): failed to open stream: Permission denied","File":"\/Applications\/MAMP\/htdocs\/pit\/wp-content\/plugins\/all-in-one-wp-migration\/lib\/vendor\/servmask\/archiver\/class-ai1wm-extractor.php","Line":422}

Dec 22 2018 09:18:29
{"Number":2,"Message":"fopen(\/Applications\/MAMP\/htdocs\/pit\/wp-content\/themes\/phillip\/.git\/objects\/92\/5ddb20a76ae3ddef9d67c7e5a25ea05a26590b): failed to open stream: Permission denied","File":"\/Applications\/MAMP\/htdocs\/pit\/wp-content\/plugins\/all-in-one-wp-migration\/lib\/vendor\/servmask\/archiver\/class-ai1wm-extractor.php","Line":422}

Dec 22 2018 09:18:29
{"Number":2,"Message":"fopen(\/Applications\/MAMP\/htdocs\/pit\/wp-content\/themes\/phillip\/.git\/objects\/58\/898906cfe25a477b420ecd3500587984d01f6f): failed to open stream: Permission denied","File":"\/Applications\/MAMP\/htdocs\/pit\/wp-content\/plugins\/all-in-one-wp-migration\/lib\/vendor\/servmask\/archiver\/class-ai1wm-extractor.php","Line":422}

Dec 22 2018 09:18:29
{"Number":2,"Message":"fopen(\/Applications\/MAMP\/htdocs\/pit\/wp-content\/themes\/phillip\/.git\/objects\/b2\/5e6cc2ce3f438e4764931e3d6c9e1fbe177d9c): failed to open stream: Permission denied","File":"\/Applications\/MAMP\/htdocs\/pit\/wp-content\/plugins\/all-in-one-wp-migration\/lib\/vendor\/servmask\/archiver\/class-ai1wm-extractor.php","Line":422}

Dec 22 2018 09:18:29
{"Number":2,"Message":"fopen(\/Applications\/MAMP\/htdocs\/pit\/wp-content\/themes\/phillip\/.git\/objects\/b2\/db2126738033e5e1b950fd1fcc2e47d73ae66d): failed to open stream: Permission denied","File":"\/Applications\/MAMP\/htdocs\/pit\/wp-content\/plugins\/all-in-one-wp-migration\/lib\/vendor\/servmask\/archiver\/class-ai1wm-extractor.php","Line":422}

Dec 22 2018 09:18:29
{"Number":2,"Message":"fopen(\/Applications\/MAMP\/htdocs\/pit\/wp-content\/themes\/phillip\/.git\/objects\/42\/0d67fe31530f330b22121f8958508f1e2885cd): failed to open stream: Permission denied","File":"\/Applications\/MAMP\/htdocs\/pit\/wp-content\/plugins\/all-in-one-wp-migration\/lib\/vendor\/servmask\/archiver\/class-ai1wm-extractor.php","Line":422}

Dec 22 2018 09:18:29
{"Number":2,"Message":"fopen(\/Applications\/MAMP\/htdocs\/pit\/wp-content\/themes\/phillip\/.git\/objects\/42\/81f9f2d80527cad74fe70da387f396b3718205): failed to open stream: Permission denied","File":"\/Applications\/MAMP\/htdocs\/pit\/wp-content\/plugins\/all-in-one-wp-migration\/lib\/vendor\/servmask\/archiver\/class-ai1wm-extractor.php","Line":422}

Dec 22 2018 09:18:29
{"Number":2,"Message":"fopen(\/Applications\/MAMP\/htdocs\/pit\/wp-content\/themes\/phillip\/.git\/objects\/3f\/fa7cc8139708138726b009b743225d659d6da5): failed to open stream: Permission denied","File":"\/Applications\/MAMP\/htdocs\/pit\/wp-content\/plugins\/all-in-one-wp-migration\/lib\/vendor\/servmask\/archiver\/class-ai1wm-extractor.php","Line":422}

Dec 22 2018 09:18:29
{"Number":2,"Message":"fopen(\/Applications\/MAMP\/htdocs\/pit\/wp-content\/themes\/phillip\/.git\/objects\/3f\/12aced4cd95f4e2db275427928c04c0d9e840c): failed to open stream: Permission denied","File":"\/Applications\/MAMP\/htdocs\/pit\/wp-content\/plugins\/all-in-one-wp-migration\/lib\/vendor\/servmask\/archiver\/class-ai1wm-extractor.php","Line":422}

Dec 22 2018 09:18:29
{"Number":2,"Message":"fopen(\/Applications\/MAMP\/htdocs\/pit\/wp-content\/themes\/phillip\/.git\/objects\/1b\/23d510e5eab4009768381a8eb8bfb0ced514a9): failed to open stream: Permission denied","File":"\/Applications\/MAMP\/htdocs\/pit\/wp-content\/plugins\/all-in-one-wp-migration\/lib\/vendor\/servmask\/archiver\/class-ai1wm-extractor.php","Line":422}

Dec 22 2018 09:18:29
{"Number":2,"Message":"fopen(\/Applications\/MAMP\/htdocs\/pit\/wp-content\/themes\/phillip\/.git\/objects\/75\/7367a26fef6e8da123df03a96b18c6c91428f7): failed to open stream: Permission denied","File":"\/Applications\/MAMP\/htdocs\/pit\/wp-content\/plugins\/all-in-one-wp-migration\/lib\/vendor\/servmask\/archiver\/class-ai1wm-extractor.php","Line":422}

Dec 22 2018 09:18:29
{"Number":2,"Message":"fopen(\/Applications\/MAMP\/htdocs\/pit\/wp-content\/themes\/phillip\/.git\/objects\/81\/ad8a7959668c6af6771d026e9a46d97703c88e): failed to open stream: Permission denied","File":"\/Applications\/MAMP\/htdocs\/pit\/wp-content\/plugins\/all-in-one-wp-migration\/lib\/vendor\/servmask\/archiver\/class-ai1wm-extractor.php","Line":422}

Dec 22 2018 09:18:29
{"Number":2,"Message":"fopen(\/Applications\/MAMP\/htdocs\/pit\/wp-content\/themes\/phillip\/.git\/objects\/23\/cb790338e191e29205d6f4123882c0583ef8eb): failed to open stream: Permission denied","File":"\/Applications\/MAMP\/htdocs\/pit\/wp-content\/plugins\/all-in-one-wp-migration\/lib\/vendor\/servmask\/archiver\/class-ai1wm-extractor.php","Line":422}

Dec 22 2018 09:18:29
{"Number":2,"Message":"fopen(\/Applications\/MAMP\/htdocs\/pit\/wp-content\/themes\/phillip\/.git\/objects\/23\/408f0c875d78be4a5b66a6528ede69efc52ac0): failed to open stream: Permission denied","File":"\/Applications\/MAMP\/htdocs\/pit\/wp-content\/plugins\/all-in-one-wp-migration\/lib\/vendor\/servmask\/archiver\/class-ai1wm-extractor.php","Line":422}

Dec 22 2018 09:18:29
{"Number":2,"Message":"fopen(\/Applications\/MAMP\/htdocs\/pit\/wp-content\/themes\/phillip\/.git\/objects\/23\/023f47e925767a5526ed1ef8d1d11f590ab05c): failed to open stream: Permission denied","File":"\/Applications\/MAMP\/htdocs\/pit\/wp-content\/plugins\/all-in-one-wp-migration\/lib\/vendor\/servmask\/archiver\/class-ai1wm-extractor.php","Line":422}

Dec 22 2018 09:18:29
{"Number":2,"Message":"fopen(\/Applications\/MAMP\/htdocs\/pit\/wp-content\/themes\/phillip\/.git\/objects\/a7\/e3220d64976a14357d8a551af00920f95ddc00): failed to open stream: Permission denied","File":"\/Applications\/MAMP\/htdocs\/pit\/wp-content\/plugins\/all-in-one-wp-migration\/lib\/vendor\/servmask\/archiver\/class-ai1wm-extractor.php","Line":422}

Dec 22 2018 09:18:29
{"Number":2,"Message":"fopen(\/Applications\/MAMP\/htdocs\/pit\/wp-content\/themes\/phillip\/.git\/objects\/25\/f930ad8ce6a89627a9af3dde7dca0b790322dd): failed to open stream: Permission denied","File":"\/Applications\/MAMP\/htdocs\/pit\/wp-content\/plugins\/all-in-one-wp-migration\/lib\/vendor\/servmask\/archiver\/class-ai1wm-extractor.php","Line":422}

Dec 22 2018 09:18:29
{"Number":2,"Message":"fopen(\/Applications\/MAMP\/htdocs\/pit\/wp-content\/themes\/phillip\/.git\/objects\/25\/78a21c5f94a451a09c0146b7dceb115b881cfc): failed to open stream: Permission denied","File":"\/Applications\/MAMP\/htdocs\/pit\/wp-content\/plugins\/all-in-one-wp-migration\/lib\/vendor\/servmask\/archiver\/class-ai1wm-extractor.php","Line":422}

